         w __deregister_frame_info
         w __gnu_Unwind_Find_exidx
         w __register_frame_info
         w __syscall_lock_close_recursive
         w userAppExit
         w userAppInit
00000000 00000802 B __ctru_dev_utf16_buf
00000000 b _TLS_MODULE_BASE_
00000000 a shift
00000000 a shift
00000804 00000401 B __ctru_dev_path_buf
00100000 A __start__
00100000 T _start
00100008 T __service_ptr
0010000c T __apt_appid
00100010 T __heap_size
00100014 T __linear_heap_size
00100018 T __system_arglist
0010001c T __system_runflags
00100020 t startup
00100058 t ClearMem
0010006c t ClrLoop
00100094 T _init
001000ac t .udivsi3_skip_div0_test
001000ac T __aeabi_uidiv
001000ac 000001ec T __udivsi3
00100298 00000020 T __aeabi_uidivmod
001002b8 T __aeabi_idiv
001002b8 00000220 T __divsi3
001002c0 t .divsi3_skip_div0_test
001004d8 00000020 T __aeabi_idivmod
001004f8 00000004 W __aeabi_idiv0
001004f8 00000004 W __aeabi_ldiv0
001004fc T __aeabi_drsub
00100504 000002b0 T __aeabi_dsub
00100504 000002b0 T __subdf3
00100508 000002ac T __adddf3
00100508 000002ac T __aeabi_dadd
001007b4 00000024 T __aeabi_ui2d
001007b4 00000024 T __floatunsidf
001007d8 00000028 T __aeabi_i2d
001007d8 00000028 T __floatsidf
00100800 00000048 T __aeabi_f2d
00100800 00000048 T __extendsfdf2
00100848 00000074 T __aeabi_ul2d
00100848 00000074 T __floatundidf
0010085c 00000060 T __aeabi_l2d
0010085c 00000060 T __floatdidf
001008bc T __aeabi_uldivmod
001008f8 00000014 T __restore_core_regs
001008f8 00000014 T restore_core_regs
0010090c T __gnu_Unwind_Restore_VFP
00100914 T __gnu_Unwind_Save_VFP
0010091c T __gnu_Unwind_Restore_VFP_D
00100924 T __gnu_Unwind_Save_VFP_D
0010092c T __gnu_Unwind_Restore_VFP_D_16_to_31
00100934 T __gnu_Unwind_Save_VFP_D_16_to_31
0010093c T __gnu_Unwind_Restore_WMMXD
00100980 T __gnu_Unwind_Save_WMMXD
001009c4 T __gnu_Unwind_Restore_WMMXC
001009d8 T __gnu_Unwind_Save_WMMXC
001009ec 00000024 T ___Unwind_RaiseException
001009ec 00000024 T _Unwind_RaiseException
00100a10 00000024 T ___Unwind_Resume
00100a10 00000024 T _Unwind_Resume
00100a34 00000024 T ___Unwind_Resume_or_Rethrow
00100a34 00000024 T _Unwind_Resume_or_Rethrow
00100a58 00000024 T ___Unwind_ForcedUnwind
00100a58 00000024 T _Unwind_ForcedUnwind
00100a7c 00000024 T ___Unwind_Backtrace
00100a7c 00000024 T _Unwind_Backtrace
00100aa8 00000390 T strcmp
00100e30 t __do_global_dtors_aux
00100e70 t frame_dummy
00100e9c 0000014c T Input::InputManager::Update()
00100fe8 00000068 T Input::InputManager::GetButtonState(Input::Button) const
00101050 00000024 T Input::InputManager::GetCirclePadPosition() const
00101074 00000004 W Objects::Object::OnUpdate(Scene::Scene*)
00101078 00000004 T Objects::Object::Init()
0010107c 00000074 T Objects::Ellipse::Update(Scene::Scene*)
001010f0 0000009c T Objects::Sprite::Update(Scene::Scene*)
0010118c 0000001c T Objects::Object::Update(Scene::Scene*)
001011a8 00000074 T Objects::Rectangle::Update(Scene::Scene*)
0010121c 00000070 T Objects::Line::Update(Scene::Scene*)
0010128c 0000007c T Objects::Circle::Update(Scene::Scene*)
00101308 0000004c T Objects::Object::UpdateAttached()
00101354 00000010 T Objects::Object::AddX(double)
00101364 00000010 T Objects::Object::AddY(double)
00101374 00000018 T Objects::Object::SetX(double)
0010138c 00000018 T Objects::Object::SetY(double)
001013a4 0000000c T Objects::Line::SetEndPoint(double, double)
001013b0 00000124 W void std::vector<Objects::Object*, std::allocator<Objects::Object*> >::_M_realloc_insert<Objects::Object* const&>(__gnu_cxx::__normal_iterator<Objects::Object**, std::vector<Objects::Object*, std::allocator<Objects::Object*> > >, Objects::Object* const&)
001014d4 00000004 W Scene::Scene::OnLoad()
001014d8 00000004 W Scene::Scene::OnUnload()
001014dc 00000034 T Scene::Scene::Update()
00101510 00000040 W Scene::Scene::~Scene()
00101510 00000040 W Scene::Scene::~Scene()
00101550 000000c4 t Scene::SceneManager::LoadScene(int, Scene::Screen) [clone .part.0]
00101614 00000048 W Scene::Scene::~Scene()
0010165c 00000170 t std::_Rb_tree<Input::Button, std::pair<Input::Button const, Input::ButtonState>, std::_Select1st<std::pair<Input::Button const, Input::ButtonState> >, std::less<Input::Button>, std::allocator<std::pair<Input::Button const, Input::ButtonState> > >::_M_erase(std::_Rb_tree_node<std::pair<Input::Button const, Input::ButtonState> >*) [clone .isra.0]
001017cc 00000060 T Scene::SceneManager::~SceneManager()
001017cc 00000060 T Scene::SceneManager::~SceneManager()
0010182c 00000068 T Scene::SceneManager::~SceneManager()
00101894 00000088 T Scene::SceneManager::LoadScene(std::__cxx11::basic_string<char, std::char_traits<char>, std::allocator<char> > const&, Scene::Screen)
0010191c 00000158 T Scene::SceneManager::Update()
00101a74 000000a0 T Scene::SceneManager::Run()
00101b14 00000054 T Scene::Scene::AddElement(Objects::Object*)
00101b68 00000124 W void std::vector<Scene::Scene*, std::allocator<Scene::Scene*> >::_M_realloc_insert<Scene::Scene* const&>(__gnu_cxx::__normal_iterator<Scene::Scene**, std::vector<Scene::Scene*, std::allocator<Scene::Scene*> > >, Scene::Scene* const&)
00101c8c 00000080 T Scene::SceneManager::AddScene(Scene::Scene*)
00101d0c 000000a8 W std::_Rb_tree<Input::Button, std::pair<Input::Button const, Input::ButtonState>, std::_Select1st<std::pair<Input::Button const, Input::ButtonState> >, std::less<Input::Button>, std::allocator<std::pair<Input::Button const, Input::ButtonState> > >::_M_get_insert_unique_pos(Input::Button const&)
00101db4 0000024c W Input::InputManager::InputManager()
00101db4 0000024c W Input::InputManager::InputManager()
00102000 00000094 T Scene::SceneManager::SceneManager()
00102000 00000094 T Scene::SceneManager::SceneManager()
00102098 000000c0 W Level1Scene::OnLoad()
00102158 00000020 W ConsoleScene::OnLoad()
00102178 00000124 W Level2Scene::OnLoad()
0010229c 0000008c t void std::__cxx11::basic_string<char, std::char_traits<char>, std::allocator<char> >::_M_construct<char const*>(char const*, char const*, std::forward_iterator_tag) [clone .isra.0]
00102328 00000040 W ConsoleScene::~ConsoleScene()
00102328 00000040 W ConsoleScene::~ConsoleScene()
00102368 00000048 W ConsoleScene::~ConsoleScene()
001023b0 00000094 W Level1Scene::~Level1Scene()
001023b0 00000094 W Level1Scene::~Level1Scene()
00102444 0000009c W Level1Scene::~Level1Scene()
001024e0 00000098 W Level2Scene::~Level2Scene()
00102578 00000090 W Level2Scene::~Level2Scene()
00102578 00000090 W Level2Scene::~Level2Scene()
00102608 0000006c W ReturnButton::OnUpdate(Scene::Scene*)
00102678 00000198 W Player::OnUpdate(Scene::Scene*)
00102810 000001bc W Level1Scene::Level1Scene()
00102810 000001bc W Level1Scene::Level1Scene()
001029d0 00000200 W Level2Scene::Level2Scene()
001029d0 00000200 W Level2Scene::Level2Scene()
00102bd0 000001d4 T main
00102da4 00000044 t C2Di_FrameEndHook
00102de8 0000036c T C2D_Init
00103154 0000004c T C2D_Fini
001031a0 000000b8 T C2D_Prepare
00103258 00000048 T C2D_Flush
001032a0 00000104 T C2D_SceneSize
001033a4 00000058 T C2D_CreateScreenTarget
001033fc 00000064 T C2D_TargetClear
00103460 0000013c T C2Di_CalcQuad
0010359c 00000058 T C2Di_AppendQuad
001035f4 00000550 T C2Di_Update
00103b44 000002b0 T C2D_DrawImage
00103df4 000001dc T C2D_DrawLine
00103fd0 00000158 T C2D_DrawRectangle
00104128 0000016c T C2D_DrawEllipse
00104294 00000004 W C3Di_LightEnvUpdate
00104298 00000004 W C3Di_LightEnvDirty
0010429c 000000b4 t C3Di_AptEventHook
00104350 00000004 W C3Di_GasUpdate
00104354 000001e0 T C3D_Init
00104534 00000098 T C3D_SetViewport
001045cc 000004e8 T C3Di_UpdateContext
00104ab4 000000e0 T C3Di_SplitFrame
00104b94 00000044 T C3D_Fini
00104bd8 00000114 T C3D_BindProgram
00104cec 0000004c t onVBlank0
00104d38 0000004c t onVBlank1
00104d84 00000080 t C3Di_RenderTargetDestroy
00104e04 000000f4 t onQueueFinish
00104ef8 00000038 T C3Di_RenderQueueEnableVBlank
00104f30 00000030 T C3Di_RenderQueueDisableVBlank
00104f60 00000060 T C3Di_RenderQueueInit
00104fc0 000000b0 T C3Di_RenderQueueExit
00105070 00000034 T C3Di_RenderQueueWaitDone
001050a4 000000e4 T C3D_FrameBegin
00105188 00000048 T C3D_FrameDrawOn
001051d0 00000058 T C3D_FrameSplit
00105228 000001d8 T C3D_FrameEnd
00105400 0000001c T C3D_FrameEndHook
0010541c 00000184 T C3D_RenderTargetCreate
001055a0 000000a8 T C3D_RenderTargetSetOutput
00105648 00000044 T C3D_TexBind
0010568c 0000016c T C3Di_SetTex
001057f8 0000001c T C3D_CalcColorBufSize
00105814 0000001c T C3D_CalcDepthBufSize
00105830 00000044 T C3D_SetFrameBuf
00105874 0000016c T C3Di_FrameBufBind
001059e0 000000c8 T C3D_FrameBufClear
00105aa8 00000044 T C3D_FrameBufTransfer
00105aec 00000034 T C3D_GetTexEnv
00105b20 00000024 T C3Di_TexEnvBind
00105b44 00000218 T C3D_DrawElements
00105d5c 00000070 T C3D_ProcTexInit
00105dcc 00000054 T C3D_ProcTexBind
00105e20 0000005c T C3D_ProcTexLutBind
00105e7c 000000a4 T ProcTexLut_FromArray
00105f20 0000017c T C3Di_ProcTexUpdate
0010609c 00000068 T C3Di_ProcTexDirty
00106104 00000024 T BufInfo_Init
00106128 00000080 T BufInfo_Add
001061a8 00000040 T C3D_SetBufInfo
001061e8 00000048 T C3Di_BufInfoBind
00106230 00000040 T C3D_DepthMap
00106270 0000001c T C3D_CullFace
0010628c 00000040 T C3D_StencilTest
001062cc 00000024 T C3D_StencilOp
001062f0 0000001c T C3D_BlendingColor
0010630c 00000024 T C3D_EarlyDepthTest
00106330 0000002c T C3D_DepthTest
0010635c 0000002c T C3D_AlphaTest
00106388 00000050 T C3D_AlphaBlend
001063d8 00000030 T C3D_FragOpMode
00106408 00000044 T C3D_FragOpShadow
0010644c 000001ac T C3Di_EffectBind
001065f8 00000028 T AttrInfo_Init
00106620 00000094 T AttrInfo_AddLoader
001066b4 00000054 T C3D_SetAttrInfo
00106708 00000080 T C3Di_AttrInfoBind
00106788 000000a8 T C3D_ImmSendAttrib
00106830 00000280 T C3D_UpdateUniforms
00106ab0 000000c0 T C3Di_DirtyUniforms
00106b70 000000d8 T C3Di_LoadShaderUniforms
00106c48 00000028 T C3Di_ClearShaderUniforms
00106c70 000000cc T Mtx_Ortho
00106d3c 000000cc T Mtx_OrthoTilt
00106e08 00000024 t addrMapNodeComparator(rbtree_node const*, rbtree_node const*)
00106e2c 00000004 t addrMapNodeDestructor(rbtree_node*)
00106e30 00000250 T vramMemAlignAt
00107080 0000000c T vramAlloc
0010708c 0000000c T vramAllocAt
00107098 00000090 T vramFree
00107128 00000024 t addrMapNodeComparator(rbtree_node const*, rbtree_node const*)
0010714c 00000004 t addrMapNodeDestructor(rbtree_node*)
00107150 00000120 T linearMemAlign
00107270 00000008 T linearAlloc
00107278 0000005c T linearFree
001072d4 00000080 T MemPool::CoalesceRight(MemBlock*)
00107354 0000016c T MemPool::Allocate(MemChunk&, unsigned long, int)
001074c0 000000fc T MemPool::Deallocate(MemChunk const&)
001075bc 00000030 T MemPool::GetFreeSpace()
001075ec 00000074 T osConvertVirtToPhys
00107660 00000034 T __ctru_speedup_config
00107694 000001e8 t parseColor
0010787c 000001ac T consoleDrawChar
00107a28 00000124 T consolePrintChar
00107b4c 00000b94 T con_write
001086e0 000000fc t newRow
001087dc 00000168 T consoleInit
00108944 000000d0 t gfxPresentFramebuffer
00108a14 0000001c T gfxIsWide
00108a30 000000ec T gfxSetScreenFormat
00108b1c 00000010 T gfxSetDoubleBuffering
00108b2c 000000e0 T gfxInit
00108c0c 00000010 T gfxInitDefault
00108c1c 000000b4 T gfxExit
00108cd0 000000a0 T gfxGetFramebuffer
00108d70 00000104 T gfxFlushBuffers
00108e74 00000030 T gfxScreenSwapBuffers
00108ea4 00000050 T gfxSwapBuffersGpu
00108ef4 000001d4 T shaderInstanceInit
001090c8 00000018 T shaderInstanceGetUniformLocation
001090e0 0000001c T shaderProgramInit
001090fc 00000064 T shaderProgramFree
00109160 00000080 T shaderProgramSetVsh
001091e0 000008e0 T shaderProgramConfigure
00109ac0 000001cc t DVLE_GenerateOutmap.part.0
00109c8c 000001b4 T DVLB_ParseFile
00109e40 00000038 T DVLB_Free
00109e78 00000074 T DVLE_GetUniformRegister
00109eec 00000010 T GX_BindQueue
00109efc 00000078 T GX_ProcessCommandList
00109f74 00000074 T GX_MemoryFill
00109fe8 00000070 T GX_DisplayTransfer
0010a058 00000068 t gxCmdQueueDoCommands.part.0
0010a0c0 000000c8 T gxCmdQueueInterrupt
0010a188 0000004c T gxCmdQueueClear
0010a1d4 000000f8 T gxCmdQueueAdd
0010a2cc 00000080 T gxCmdQueueRun
0010a34c 00000060 T gxCmdQueueStop
0010a3ac 00000074 T gxCmdQueueWait
0010a420 0000013c T GPUCMD_Add
0010a55c 000000b0 T GPUCMD_Split
0010a60c 00000034 T f32tof16
0010a640 00000034 T f32tof24
0010a674 00000038 T f32tof31
0010a6ac 00000164 T irrstInit
0010a810 000000cc T irrstExit
0010a8dc 000000b4 T irrstScanInput
0010a990 00000024 T irrstKeysHeld
0010a9b4 00000018 T irrstCstickRead
0010a9cc 00000c58 t gspHardwareInit
0010b624 00000248 T gspInit
0010b86c 000000f0 T gspExit
0010b95c 00000010 T gspHasGpuRight
0010b96c 000000a0 T gspPresentBuffer
0010ba0c 00000030 T gspSetEventCallback
0010ba3c 00000044 T gspWaitForEvent
0010ba80 0000004c T gspWaitForAnyEvent
0010bacc 00000158 t gspEventThreadMain
0010bc24 00000130 T gspSubmitGxCommand
0010bd54 00000050 T GSPGPU_FlushDataCache
0010bda4 00000034 T GSPGPU_SetLcdForceBlack
0010bdd8 00000068 T GSPGPU_AcquireRight
0010be40 00000048 T GSPGPU_ReleaseRight
0010be88 0000007c T GSPGPU_ImportDisplayCaptureInfo
0010bf04 0000002c T GSPGPU_SaveVramSysArea
0010bf30 0000002c T GSPGPU_RestoreVramSysArea
0010bf5c 000001a4 t aptConvertScreenForCapture
0010c100 00000008 W aptDspSleep
0010c108 00000004 W aptDspWakeup
0010c10c 00000004 W aptDspCancel
0010c110 00000158 T aptSendCommand
0010c268 00000044 t aptExitProcess
0010c2ac 000003b0 T aptExit
0010c65c 000000e0 T aptHandleSleep
0010c73c 00000030 T aptHook
0010c76c 00000030 T aptUnhook
0010c79c 00000084 T APT_SleepIfShellClosed
0010c820 00000084 T aptSetSleepAllowed
0010c8a4 00000084 T APT_UnlockTransition
0010c928 000004a4 t aptEventHandler
0010cdcc 000000b0 T APT_ReceiveParameter
0010ce7c 000000b0 t aptReceiveParameter.constprop.0
0010cf30 000002ac t aptScreenTransfer
0010d1dc 00000344 t aptWaitForWakeUp.isra.0
0010d520 00000100 T aptJumpToHomeMenu
0010d620 00000048 T aptMainLoop
0010d668 0000022c T aptInit
0010d894 0000007c T APT_CheckNew3DS
0010d910 00000024 W hidShouldUseIrrst
0010d934 0000018c T hidInit
0010dac0 000000e8 T hidExit
0010dba8 000002a4 T hidScanInput
0010de4c 00000010 T hidKeysHeld
0010de5c 00000010 T hidKeysDown
0010de6c 00000010 T hidKeysUp
0010de7c 00000018 T hidTouchRead
0010de94 00000018 T hidCircleRead
0010deac 00000074 T ptmSysmInit
0010df20 0000003c T ptmSysmExit
0010df5c 00000034 T PTMSYSM_ConfigureNew3DSCPU
0010df90 000000cc T fsInit
0010e05c 0000003c T fsExit
0010e098 00000060 T fsExemptFromSession
0010e0f8 00000050 T fsUnexemptFromSession
0010e148 000000cc T FSUSER_OpenFile
0010e214 000000bc T FSUSER_DeleteFile
0010e2d0 000000f8 T FSUSER_RenameFile
0010e3c8 000000bc T FSUSER_DeleteDirectory
0010e484 000000d4 T FSUSER_CreateFile
0010e558 000000c4 T FSUSER_CreateDirectory
0010e61c 000000f8 T FSUSER_RenameDirectory
0010e714 000000b4 T FSUSER_OpenDirectory
0010e7c8 00000098 T FSUSER_OpenArchive
0010e860 0000008c T FSUSER_CloseArchive
0010e8ec 00000074 T FSUSER_GetSdmcArchiveResource
0010e960 00000064 T FSUSER_IsSdmcWritable
0010e9c4 00000058 T FSFILE_Read
0010ea1c 00000060 T FSFILE_Write
0010ea7c 0000003c T FSFILE_GetSize
0010eab8 00000028 T FSFILE_SetSize
0010eae0 0000003c T FSFILE_Close
0010eb1c 00000024 T FSFILE_Flush
0010eb40 00000050 T FSDIR_Read
0010eb90 0000003c T FSDIR_Close
0010ebcc 00000010 T rbtree_init
0010ebdc 000001b4 t do_insert
0010ed90 00000008 T rbtree_insert
0010ed98 00000090 T rbtree_rotate
0010ee28 00000318 T rbtree_remove
0010f140 00000074 T rbtree_find
0010f1b8 000001e0 W __system_allocateHeaps
0010f398 00000038 W __libctru_init
0010f3d0 00000170 W __system_initArgv
0010f540 T svcControlMemory
0010f560 T svcQueryMemory
0010f590 T svcExitProcess
0010f598 T svcCreateThread
0010f5b8 T svcExitThread
0010f5c0 T svcSleepThread
0010f5c8 T svcReleaseMutex
0010f5d0 T svcCreateEvent
0010f5e4 T svcSignalEvent
0010f5ec T svcClearEvent
0010f5f4 T svcMapMemoryBlock
0010f5fc T svcUnmapMemoryBlock
0010f604 T svcCreateAddressArbiter
0010f618 T svcArbitrateAddressNoTimeout
0010f620 T svcCloseHandle
0010f628 T svcWaitSynchronization
0010f630 T svcWaitSynchronizationN
0010f658 T svcDuplicateHandle
0010f66c T svcGetSystemTick
0010f674 T svcConnectToPort
0010f688 T svcSendSyncRequest
0010f690 T svcGetResourceLimit
0010f6a4 T svcGetResourceLimitLimitValues
0010f6ac T svcGetResourceLimitCurrentValues
0010f6b4 T svcBreak
0010f6bc W initSystem
0010f70c W __ctru_exit
0010f724 0000000c T __sync_init
0010f730 00000018 T __sync_fini
0010f748 0000002c T syncArbitrateAddress
0010f774 000000b0 T LightLock_Lock
0010f824 00000040 T LightLock_Unlock
0010f864 00000024 T RecursiveLock_Init
0010f888 00000030 T RecursiveLock_Lock
0010f8b8 00000054 T RecursiveLock_Unlock
0010f90c 00000040 T LightEvent_Init
0010f94c 000000a4 T LightEvent_Clear
0010f9f0 000000c8 T LightEvent_Signal
0010fab8 00000050 T LightEvent_TryWait
0010fb08 000000b0 T LightEvent_Wait
0010fbb8 00000084 W envGetHandle
0010fc3c 00000050 W envDestroyHandles
0010fc8c 00000130 T srvInit
0010fdbc 00000058 T srvExit
0010fe14 00000060 T srvEnableNotification
0010fe74 000000a0 T srvGetServiceHandleDirect
0010ff14 00000038 T srvGetServiceHandle
0010ff4c 00000034 T srvSubscribe
0010ff80 00000060 T srvReceiveNotification
0010ffe0 00000038 T srvPublishToSubscriber
00110018 000001d0 T threadCreate
001101e8 0000002c T threadFree
00110214 00000024 T threadJoin
00110238 00000030 T threadGetCurrent
00110268 00000040 T threadExit
001102a8 00000020 t _thread_begin
001102c8 000000b4 t mappableFindAddressWithin
0011037c 00000028 T mappableInit
001103a4 00000080 T mappableAlloc
00110424 00000004 T mappableFree
00110428 0000000c T srvPmGetSessionHandle
00110434 0000005c T rbtree_node_next
00110490 00000030 W __appInit
001104c0 00000030 T __syscall_getreent
001104f0 00000004 T __syscall_lock_acquire
001104f4 00000004 T __syscall_lock_release
001104f8 00000004 T __syscall_lock_init_recursive
001104fc 00000004 T __syscall_lock_acquire_recursive
00110500 00000004 T __syscall_lock_release_recursive
00110504 00000004 T __syscall_exit
00110508 00000050 T initThreadVars
00110558 00000080 T __system_initSyscalls
001105d8 00000030 W __appExit
00110608 00000090 W __libctru_exit
00110698 00000014 t archive_link
001106ac 00000014 t archive_dirreset
001106c0 00000014 t archive_chmod
001106d4 00000024 t error_cmp
001106f8 00000050 t archive_translate_error
00110748 000000c8 t archive_seek
00110810 0000007c t _archiveInit.part.0
0011088c 000000c4 t archiveFindDevice.part.0
00110950 0000025c t archive_utf16path
00110bac 000000a0 t _archiveUnmountDeviceStruct.part.0
00110c4c 00000014 t archive_fchmod
00110c60 00000014 t archive_statvfs
00110c74 00000164 t _archiveMountDevice
00110dd8 000000e8 t archive_diropen
00110ec0 000000a4 t archive_fstat
00110f64 0000006c t archive_close
00110fd0 0000006c t archive_fsync
0011103c 00000070 t archive_dirclose
001110ac 000000e8 t sdmc_statvfs
00111194 000000ec t archive_chdir
00111280 0000007c t archive_ftruncate
001112fc 000000ac t archive_read
001113a8 000000a4 t archive_unlink
0011144c 000000bc t archive_rmdir
00111508 000000dc t archive_mkdir
001115e4 0000019c t archive_stat
00111780 0000015c t archive_dirnext
001118dc 000000ec t archive_write
001119c8 000001d4 t archive_open
00111b9c 00000278 t archive_rename
00111e14 0000019c T archiveMountSdmc
00111fb0 00000054 T archiveUnmountAll
00112004 000000e8 T utf16_to_utf8
001120ec 00000064 T decode_utf16
00112150 0000013c T decode_utf8
0011228c 000000c0 T utf8_to_utf16
0011234c T __aeabi_read_tp
00112358 00000054 T encode_utf16
001123ac 000000e0 T encode_utf8
0011248c 00000004 T operator delete(void*)
00112490 0000005c T operator new(unsigned int)
001124ec 00000020 T __cxxabiv1::__si_class_type_info::~__si_class_type_info()
001124ec 00000020 T __cxxabiv1::__si_class_type_info::~__si_class_type_info()
0011250c 0000002c T __cxxabiv1::__si_class_type_info::~__si_class_type_info()
00112538 0000006c T __cxxabiv1::__si_class_type_info::__do_find_public_src(int, void const*, __cxxabiv1::__class_type_info const*, void const*) const
001125a4 000000dc T __cxxabiv1::__si_class_type_info::__do_dyncast(int, __cxxabiv1::__class_type_info::__sub_kind, __cxxabiv1::__class_type_info const*, void const*, __cxxabiv1::__class_type_info const*, void const*, __cxxabiv1::__class_type_info::__dyncast_result&) const
00112680 00000044 T __cxxabiv1::__si_class_type_info::__do_upcast(__cxxabiv1::__class_type_info const*, void const*, __cxxabiv1::__class_type_info::__upcast_result&) const
001126c4 00000004 T std::type_info::~type_info()
001126c4 00000004 T std::type_info::~type_info()
001126c8 00000008 T std::type_info::__is_pointer_p() const
001126c8 00000008 T std::type_info::__is_function_p() const
001126d0 0000004c T std::type_info::__equal(std::type_info const&) const
001126d0 0000004c T std::type_info::operator==(std::type_info const&) const
0011271c 0000005c T std::_Rb_tree_increment(std::_Rb_tree_node_base*)
00112778 00000070 T std::_Rb_tree_decrement(std::_Rb_tree_node_base*)
001127e8 00000284 T std::_Rb_tree_insert_and_rebalance(bool, std::_Rb_tree_node_base*, std::_Rb_tree_node_base*, std::_Rb_tree_node_base&)
00112a6c 0000008c W std::string::_Rep::_S_create(unsigned int, unsigned int, std::allocator<char> const&)
00112af8 00000004 W std::string::_Rep::_M_destroy(std::allocator<char> const&)
00112afc 000000a4 t _GLOBAL__sub_I__ZNSt12ctype_bynameIcEC2ERKNSt7__cxx1112basic_stringIcSt11char_traitsIcESaIcEEEj
00112ba0 000000a4 t _GLOBAL__sub_I__ZNSt12ctype_bynameIwEC2ERKNSt7__cxx1112basic_stringIcSt11char_traitsIcESaIcEEEj
00112c44 00000040 T std::__throw_logic_error(char const*)
00112c84 00000040 T std::__throw_length_error(char const*)
00112cc4 000000f4 t _GLOBAL__sub_I__ZNSt12ctype_bynameIcEC2ERKSsj
00112db8 00000054 W std::__cxx11::basic_string<char, std::char_traits<char>, std::allocator<char> >::_M_create(unsigned int&, unsigned int)
00112e0c 000000f4 t _GLOBAL__sub_I__ZNSt12ctype_bynameIwEC2ERKSsj
00112f00 0000000c T std::bad_alloc::what() const
00112f0c 00000020 T std::bad_alloc::~bad_alloc()
00112f0c 00000020 T std::bad_alloc::~bad_alloc()
00112f2c 0000002c T std::bad_alloc::~bad_alloc()
00112f58 0000005c T __cxxabiv1::__class_type_info::__do_upcast(__cxxabiv1::__class_type_info const*, void**) const
00112fb4 00000014 T __cxxabiv1::__class_type_info::__do_find_public_src(int, void const*, __cxxabiv1::__class_type_info const*, void const*) const
00112fc8 00000020 T __cxxabiv1::__class_type_info::~__class_type_info()
00112fc8 00000020 T __cxxabiv1::__class_type_info::~__class_type_info()
00112fe8 0000002c T __cxxabiv1::__class_type_info::~__class_type_info()
00113014 00000068 T __cxxabiv1::__class_type_info::__do_dyncast(int, __cxxabiv1::__class_type_info::__sub_kind, __cxxabiv1::__class_type_info const*, void const*, __cxxabiv1::__class_type_info const*, void const*, __cxxabiv1::__class_type_info::__dyncast_result&) const
0011307c 0000002c T __cxxabiv1::__class_type_info::__do_upcast(__cxxabiv1::__class_type_info const*, void const*, __cxxabiv1::__class_type_info::__upcast_result&) const
001130a8 00000044 T __cxxabiv1::__class_type_info::__do_catch(std::type_info const*, void**, unsigned int) const
001130ec 00000004 T operator delete(void*, unsigned int)
001130f0 000000c8 t (anonymous namespace)::pool::free(void*) [clone .constprop.0]
001131b8 00000098 t (anonymous namespace)::pool::allocate(unsigned int) [clone .constprop.0]
00113250 00000044 T __cxa_allocate_exception
00113294 00000030 T __cxa_free_exception
001132c4 0000003c t _GLOBAL__sub_I__ZN9__gnu_cxx9__freeresEv
00113300 T __cxa_end_cleanup
00113310 0000012c T __cxa_type_match
0011343c 000000b4 T __cxa_begin_cleanup
001134f0 000000b4 T __gnu_end_cleanup
001135a4 00000070 t __cxxabiv1::__is_gxx_exception_class(char*)
00113614 0000002c T __cxa_call_terminate
00113640 00000138 T __cxa_call_unexpected
00113778 000000cc T __cxa_begin_catch
00113844 000000e0 T __cxa_end_catch
00113924 00000004 T std::exception::~exception()
00113924 00000004 T std::exception::~exception()
00113928 00000004 T std::bad_exception::~bad_exception()
00113928 00000004 T std::bad_exception::~bad_exception()
0011392c 0000000c T transaction clone for std::bad_exception::what() const
0011392c 0000000c T std::bad_exception::what() const
00113938 00000018 T std::bad_exception::~bad_exception()
00113950 0000000c T __cxa_get_globals_fast
0011395c 0000000c T __cxa_get_globals
00113968 0000016c t read_encoded_value_with_base(unsigned char, unsigned int, unsigned char const*, unsigned int*)
00113ad4 00000058 t base_of_encoded_value(unsigned char, _Unwind_Context*)
00113b2c 000000d8 t parse_lsda_header(_Unwind_Context*, unsigned char const*, lsda_header_info*)
00113c04 000006c8 T __gxx_personality_v0
001142cc 00000014 T __cxxabiv1::__terminate(void (*)())
001142e0 00000018 T std::terminate()
001142f8 0000000c T __cxxabiv1::__unexpected(void (*)())
00114304 00000018 T std::unexpected()
0011431c 00000014 T std::get_terminate()
00114330 00000014 T std::get_unexpected()
00114344 00000060 t __gxx_exception_cleanup(_Unwind_Reason_Code, _Unwind_Control_Block*)
001143a4 00000058 T __cxa_init_primary_exception
001143fc 00000054 T __cxa_throw
00114450 000000b0 T __cxa_rethrow
00114500 00000014 T std::get_new_handler()
00114514 00000008 T std::logic_error::what() const
00114514 00000008 T std::runtime_error::what() const
0011451c 00000064 T std::logic_error::~logic_error()
0011451c 00000064 T std::logic_error::~logic_error()
00114580 00000064 T std::length_error::~length_error()
00114580 00000064 T std::length_error::~length_error()
001145e4 0000006c T std::logic_error::~logic_error()
00114650 0000006c T std::length_error::~length_error()
001146bc 000000d4 T std::logic_error::logic_error(char const*)
001146bc 000000d4 T std::logic_error::logic_error(char const*)
00114790 00000020 T std::length_error::length_error(char const*)
00114790 00000020 T std::length_error::length_error(char const*)
001147b0 0000022c T cosf
001149dc 00000024 t with_errnof
00114a00 0000001c T __math_invalidf
00114a20 0000024c T sinf
00114c6c 00000050 T sqrtf
00114cbc 00000008 T __ieee754_sqrtf
00114cc4 00000120 T __udivmoddi4
00114de4 00000018 t selfrel_offset31
00114dfc 00000090 t search_EIT_table
00114e8c 00000040 t __gnu_unwind_get_pr_addr
00114ecc 000000f4 t get_eit_entry
00114fc0 00000088 t restore_non_core_regs
00115048 00000014 t _Unwind_decode_typeinfo_ptr.constprop.0
0011505c 00000004 t _Unwind_DebugHook
00115060 00000064 t unwind_phase2
001150c4 00000140 t unwind_phase2_forced
00115204 000000a4 T __gnu_Unwind_RaiseException
001152a8 00000028 T __gnu_Unwind_ForcedUnwind
001152d0 00000074 T __gnu_Unwind_Resume
00115344 00000020 T __gnu_Unwind_Resume_or_Rethrow
00115364 00000004 T _Unwind_Complete
00115368 00000018 T _Unwind_DeleteException
00115380 0000005c T _Unwind_VRS_Get
001153dc 0000002c t _Unwind_GetGR
00115408 0000005c T _Unwind_VRS_Set
00115464 0000002c t _Unwind_SetGR
00115490 000000c0 T __gnu_Unwind_Backtrace
00115550 00000414 t __gnu_unwind_pr_common
00115964 00000008 T __aeabi_unwind_cpp_pr0
0011596c 00000008 W __aeabi_unwind_cpp_pr1
00115974 00000008 W __aeabi_unwind_cpp_pr2
0011597c 000003dc T _Unwind_VRS_Pop
00115d58 00000064 t next_unwind_byte
00115dbc 0000002c t _Unwind_GetGR.constprop.0
00115de8 00000004 t unwind_UCB_from_context
00115dec 00000418 T __gnu_unwind_execute
00116204 00000048 T __gnu_unwind_frame
0011624c 00000010 T _Unwind_GetRegionStart
0011625c 0000001c T _Unwind_GetLanguageSpecificData
00116278 00000008 T _Unwind_GetDataRelBase
00116280 00000008 T _Unwind_GetTextRelBase
00116288 00000014 T abort
0011629c 00000078 T bsearch
00116314 00000020 T calloc
00116334 000000c0 T _calloc_r
001163f4 0000000c T __errno
00116400 00000034 T exit
00116434 0000015c T _fclose_r
00116590 00000234 T __sflush_r
001167c4 00000094 T _fflush_r
00116858 0000000c T _cleanup_r
00116864 00000184 T __sinit
001169e8 0000000c T __sfp_lock_acquire
001169f4 0000000c T __sfp_lock_release
00116a00 0000003c T __libc_fini_array
00116a3c 000000f8 T _malloc_trim_r
00116b34 000002e8 T _free_r
00116e1c 00000070 T _fwalk_reent
00116e8c 00000084 T __libc_init_array
00116f10 00000008 T iswspace
00116f18 00000010 T __locale_mb_cur_max
00116f28 00000138 T __smakebuf_r
00117060 0000008c T __swhatbuf_r
001170ec 00000020 T memalign
0011710c 0000014c T _memalign_r
00117258 00000018 T malloc
00117270 00000018 T free
00117288 000007e4 T _malloc_r
00117a6c 00000068 T _mbrtowc_r
00117ad4 000002f8 T __utf8_mbtowc
00117dcc 000000e4 T memchr
00117eb0 000000b0 T memcmp
00117f60 00000118 T memcpy
00118078 00000150 T memmove
001181c8 000000f4 T memset
001182bc 0000000c T __malloc_lock
001182c8 0000000c T __malloc_unlock
001182d4 00000034 T printf
00118308 0000025c T setvbuf
00118564 00000090 T _raise_r
001185f4 00000018 T raise
0011860c 00000074 T sscanf
00118680 00000044 T __sread
001186c4 00000008 T __seofread
001186cc 00000068 T __swrite
00118734 00000044 T __sseek
00118778 00000008 T __sclose
00118780 00000130 T strchr
001188b0 0000005c T strlen
0011890c 000000e4 T strncat
001189f0 000000e4 T strncmp
00118ad4 000000c4 T strncpy
00118b98 00000048 T strnlen
00118be0 00000064 t sulp
00118c48 000013a8 T _strtod_l
00119ff0 0000000c T _strtod_r
00119ffc 000001a4 t _strtol_l.part.0
0011a1a0 0000003c T _strtol_r
0011a1dc 000001c4 t _strtoul_l.constprop.0
0011a3a0 00000004 T _strtoul_r
0011a3a4 00000028 T strtoul
0011a3cc 00000050 t get_arg
0011a41c 00002c38 T __ssvfscanf_r
0011d054 0000066c t get_arg
0011d6c0 0000339c T _vfprintf_r
00120a5c 000000d0 t __sbprintf
00120b2c 00000054 T _wcrtomb_r
00120b80 00000028 T _wcsrtombs_r
00120ba8 000000f0 T __utf8_wctomb
00120c98 0000013c T __swsetup_r
00120dd4 00000114 T __call_exitprocs
00120ee8 000001b0 t quorem
00121098 000011f8 T _dtoa_r
00122290 000004b4 T __sfvwrite_r
00122744 000000f0 t rshift
00122834 00000814 T __gethex
00123048 0000004c T __match
00123094 0000029c T __hexnan
00123330 0000003c T iswspace_l
0012336c 000001d8 t __jp2uc
00123544 0000009c T _jp2uc_l
001235e0 0000000c T _localeconv_r
001235ec 00000088 T _Balloc
00123674 0000001c T _Bfree
00123690 000000f4 T __multadd
00123784 00000110 T __s2b
00123894 00000060 T __hi0bits
001238f4 0000009c T __lo0bits
00123990 000000a8 T __i2b
00123a38 00000204 T __multiply
00123c3c 00000124 T __pow5mult
00123d60 00000140 T __lshift
00123ea0 00000058 T __mcmp
00123ef8 000001ec T __mdiff
001240e4 00000068 T __ulp
0012414c 000000d0 T __b2d
0012421c 00000120 T __d2b
0012433c 00000078 T __ratio
001243b4 00000088 T __copybits
0012443c 0000005c T __any_on
00124498 00000020 T realloc
001244b8 000004a0 T _realloc_r
00124958 000000f4 T __sccl
00124a4c 0000000c T nanf
00124a58 00000088 T frexp
00124ae0 00000010 T nan
00124af0 00000064 T sprintf
00124b54 000000cc T stpncpy
00124c20 0000022c t _strtoll_l.constprop.0
00124e4c 00000004 T _strtoll_r
00124e50 00000244 t _strtoull_l.constprop.0
00125094 00000004 T _strtoull_r
00125098 00000188 T __ssprint_r
00125220 000000d4 T _sungetc_r
001252f4 0000006c T __ssrefill_r
00125360 000000c4 T _sfread_r
00125424 0000066c t get_arg
00125a90 00003334 T _svfprintf_r
00128dc4 000000a8 T __submore
00128e6c 0000066c t get_arg
001294d8 00000030 T __sprint_r
00129508 000022ec T _vfiprintf_r
0012b7f4 000000d0 t __sbprintf
0012b8c4 00000188 T _wcsnrtombs_l
0012ba4c 0000004c T _wcsnrtombs_r
0012ba98 0000005c T __assert_func
0012baf4 0000008c T category
0012bb80 0000003c T fiprintf
0012bbbc 00000008 t null_write
0012bbc4 00000018 T setDefaultDevice
0012bbdc 000000c8 T FindDevice
0012bca4 00000028 T RemoveDevice
0012bccc 0000009c T AddDevice
0012bd68 00000020 T GetDeviceOpTab
0012bd88 00000078 T _fstat_r
0012be00 00000014 T _getpid_r
0012be14 00000008 T _isatty_r
0012be1c 00000014 T _kill_r
0012be30 00000084 T _lseek_r
0012beb4 00000080 T _read_r
0012bf34 00000078 T _sbrk_r
0012bfac 00000080 T _write_r
0012c02c 00000020 T _exit
0012c04c 000001a4 T _concatenate_path
0012c1f0 00000140 T chdir
0012c330 00000008 T __flockfile
0012c338 00000008 T __funlockfile
0012c340 0000003c T __get_handle
0012c37c 000000f4 T _close_r
0012c470 0000002c T __getreent
0012c49c 0000001c T __libc_lock_acquire
0012c4b8 0000001c T __libc_lock_release
0012c4d4 0000001c T __libc_lock_init_recursive
0012c4f0 0000001c T __libc_lock_acquire_recursive
0012c50c 0000001c T __libc_lock_release_recursive
0012c528 0000001c T __libc_lock_close_recursive
0012c544 00000038 T __aeabi_d2lz
0012c544 00000038 T __fixdfdi
0012c580 00000040 T __aeabi_d2ulz
0012c580 00000040 T __fixunsdfdi
0012c5c0 00000048 T strrchr
0012c608 T _fini
0012d000 00000058 r CSWTCH.5
0012d058 00000014 R vtable for Objects::Sprite
0012d06c 00000014 R vtable for Objects::Object
0012d080 00000014 R vtable for Objects::Rectangle
0012d094 00000014 R vtable for Objects::Line
0012d0a8 00000014 R vtable for Objects::Circle
0012d0bc 00000014 R vtable for Objects::Ellipse
0012d0d0 0000001c R vtable for Scene::Scene
0012d0ec 00000010 R vtable for Scene::SceneManager
0012d160 r .LC2
0012d184 r .LC4
0012d18c r .LC5
0012d194 00000014 V vtable for Player
0012d1a8 00000014 V vtable for ReturnButton
0012d1bc 0000001c V vtable for Level1Scene
0012d1d8 0000001c V vtable for Level2Scene
0012d1f4 0000001c V vtable for ConsoleScene
0012d220 00000008 r s_defaultTint.0
0012d228 R render2d_shbin
0012d3b4 R render2d_shbin_end
0012d3b4 R render2d_shbin_size
0012d3b8 00000005 r colorFmtSizes
0012d3c0 00000004 r depthFmtSizes
0012d3c4 00000010 r CSWTCH.9
0012d44c 00000070 r dotab_stdout
0012d4bc 00000018 r grayScale
0012d4d4 00000006 r colorCube
0012d4dc 00000030 r colorTable
0012d538 00000008 r morton_y.2
0012d540 00000008 r morton_x.3
0012d548 00000008 r s_sleepWakeEvents.4
0012d588 R default_font_bin
0012dd88 R default_font_bin_end
0012dda4 00000030 r error_table
0012dddc 00000070 r archive_devoptab
0012de4c 00000025 R typeinfo name for __cxxabiv1::__si_class_type_info
0012de74 0000000c R typeinfo for __cxxabiv1::__si_class_type_info
0012de80 0000002c R vtable for __cxxabiv1::__si_class_type_info
0012deac 0000000d R typeinfo name for std::type_info
0012debc 00000008 R typeinfo for std::type_info
0012df04 0000000d R typeinfo name for std::bad_alloc
0012df14 0000000c R typeinfo for std::bad_alloc
0012df20 00000014 R vtable for std::bad_alloc
0012df34 00000022 R typeinfo name for __cxxabiv1::__class_type_info
0012df58 0000000c R typeinfo for __cxxabiv1::__class_type_info
0012df64 0000002c R vtable for __cxxabiv1::__class_type_info
0012dfa4 0000000d R typeinfo name for std::exception
0012dfb4 00000008 R typeinfo for std::exception
0012dfbc 00000012 R typeinfo name for std::bad_exception
0012dfd0 0000000c R typeinfo for std::bad_exception
0012dfdc 00000020 R typeinfo name for __cxxabiv1::__forced_unwind
0012dffc 00000008 R typeinfo for __cxxabiv1::__forced_unwind
0012e004 00000024 R typeinfo name for __cxxabiv1::__foreign_exception
0012e028 00000008 R typeinfo for __cxxabiv1::__foreign_exception
0012e030 00000014 R vtable for std::bad_exception
0012e044 00000010 R typeinfo name for std::logic_error
0012e054 0000000c R typeinfo for std::logic_error
0012e060 00000011 R typeinfo name for std::length_error
0012e074 0000000c R typeinfo for std::length_error
0012e080 00000014 R vtable for std::logic_error
0012e094 00000014 R vtable for std::length_error
0012e0d4 00000060 R __inv_pio4
0012e138 000000e0 R __sincosf_table
0012e218 00000101 R _ctype_
0012e31c 00000004 R _global_impure_ptr
0012e378 00000014 r fpinan.0
0012e38c 00000014 r fpi.1
0012e3a0 00000028 r tinytens
0012e3d0 00000022 r basefix.0
0012e430 00000010 r zeroes.0
0012e440 00000010 r blanks.1
0012e460 r .LC2
0012e510 00000100 R __hexdig
0012e624 00001a7c r d02f4
001300a0 0000172a r b02cf
001317cc 00000040 r a8
0013180c 000000a2 r a7
001318b0 00000070 r a6
00131920 0000005b r a3
0013197c 000000bc r a2
00131a38 000000bc r a1
00131b40 0000000c r p05.0
00131b50 00000028 R __mprec_bigtens
00131b78 000000c8 R __mprec_tens
00131c40 0000006c R __action_table
00131cac 0000006c R __state_table
00131d18 00000100 R __chclass
00131e18 00000010 r zeroes.0
00131e28 00000010 r blanks.1
00131e38 00000010 r zeroes.0
00131e48 00000010 r blanks.1
00131e98 00003528 r categories
001353c0 00000070 R dotab_stdnull
00135430 R __tdata_align
00135434 r 
001354de R __exidx_start
00135698 R __exidx_end
00136000 00000004 D Colors::clrClear
00136004 00000004 D Colors::clrCoral
00136008 00000004 D Colors::clrMaroon
0013600c 00000004 D Colors::clrGold
00136010 00000004 D Colors::clrTurquoise
00136014 00000004 D Colors::clrPink
00136018 00000004 D Colors::clrOlive
0013601c 00000004 D Colors::clrLavender
00136020 00000004 D Colors::clrSkyBlue
00136024 00000004 D Colors::clrBrown
00136028 00000004 D Colors::clrLime
0013602c 00000004 D Colors::clrOrange
00136030 00000004 D Colors::clrPurple
00136034 00000004 D Colors::clrBlack
00136038 00000004 D Colors::clrYellow
0013603c 00000004 D Colors::clrMagenta
00136040 00000004 D Colors::clrCian
00136044 00000004 D Colors::clrBlue
00136048 00000004 D Colors::clrRed
0013604c 00000004 D Colors::clrGreen
00136050 00000004 D Colors::clrWhite
00136054 00000004 d framerate
00136058 00000008 d framerateCounter
00136060 00000001 d firstConsoleInit.0
00136064 00000004 D currentConsole
00136068 00000048 D defaultConsole
001360b0 00000004 d queueLock
001360b4 00000004 d kCount
001360b8 00000004 d kInterval
001360bc 00000004 d kDelay
001360c0 W __stacksize__
001360c4 00000004 D __cxxabiv1::__unexpected_handler
001360c8 00000004 D __cxxabiv1::__terminate_handler
001360cc 00000004 D _impure_ptr
001360d0 00000460 d impure_data
00136530 0000016c D __global_locale
0013669c 00000004 D __malloc_sbrk_base
001366a0 00000004 D __malloc_trim_threshold
001366a8 00000408 D __malloc_av_
00136ab0 0000008c D devoptab_list
00136b3c 00000004 d defaultDevice
00136b40 00000400 d _current_working_directory
00136f40 00001000 d handles
00137f40 0000000c d __stderr_handle
00137f4c 0000000c d __stdout_handle
00137f58 0000000c d __stdin_handle
00137f6c d _GLOBAL_OFFSET_TABLE_
00137f78 d __frame_dummy_init_array_entry
00137f78 D __init_array_start
00137f78 B __preinit_array_end
00137f78 B __preinit_array_start
00137f78 D __tdata_lma
00137f78 D __tdata_lma_end
00137f90 d __do_global_dtors_aux_fini_array_entry
00137f90 D __fini_array_start
00137f90 D __init_array_end
00137f94 D __bss_start__
00137f94 D __fini_array_end
00137f94 b completed.1
00137f98 b object.0
00137fb0 000005a8 B __C2Di_Context
00138558 00000040 b s_projBot
00138598 00000040 b s_projTop
001385d8 00000004 b uLoc_mdlvMtx
001385dc 00000004 b uLoc_projMtx
001385e0 000002d0 B __C3D_Context
001388b0 0000000c b hookCookie
001388c0 00000010 b cpuTime
001388d0 00000004 b firstTarget
001388d4 00000008 b frameCounter
001388dc 00000004 b frameEndCb
001388e0 00000004 b frameEndCbData
001388e8 00000010 b gpuTime
001388f8 00000001 b inFrame
001388f9 00000001 b inSafeTransfer
001388fa 00000001 b isTopStereo
001388fc 00000004 b lastTarget
00138900 0000000c b linkedTarget
0013890c 00000001 b measureGpuTime
0013890d 00000001 b needSwapBot
0013890e 00000001 b needSwapTop
00138910 00000004 B C3D_BoolUnifs
00138914 00000002 B C3D_BoolUnifsDirty
00138918 00000c00 B C3D_FVUnif
00139518 000000c0 B C3D_FVUnifDirty
001395d8 00000020 B C3D_IVUnif
001395f8 00000008 B C3D_IVUnifDirty
00139600 000000c0 b C3Di_FVUnifEverDirty
001396c0 00000008 b C3Di_IVUnifEverDirty
001396c8 00000018 b C3Di_ShaderFVecData
001396e0 00000008 b sVramPoolB
001396e8 00000008 b sVramPoolA
001396f0 0000000c b sAddrMap
00139700 00000008 b sLinearPool
00139708 0000000c b sAddrMap
00139714 00000001 V __ctru_speedup
00139718 00000048 B currentCopy
00139760 00000004 b screenAlloc
00139764 00000004 b screenFree
00139768 00000002 b gfxIsDoubleBuf
0013976c 00000002 b gfxCurBuf
0013976e 00000001 b gfxIsVram
0013976f 00000001 b gfxTopMode
00139770 00000002 b gfxFramebufferFormats
00139774 00000004 b gfxBottomFramebufferMaxSize
00139778 00000004 b gfxTopFramebufferMaxSize
00139780 00000008 b gfxBottomFramebuffers
00139788 00000008 b gfxTopFramebuffers
00139790 00000004 b boundQueue
00139794 00000001 b shouldStop
00139795 00000001 b isRunning
00139796 00000001 b isActive
00139798 00000004 b curQueue
0013979c 00000004 B gpuCmdBufOffset
001397a0 00000004 B gpuCmdBufSize
001397a4 00000004 B gpuCmdBuf
001397a8 00000004 b irrstRefCount
001397ac 00000004 b csPos
001397b0 00000004 b kHeld
001397b4 00000004 B irrstSharedMem
001397b8 00000004 B irrstEvent
001397bc 00000004 B irrstMemHandle
001397c0 00000004 B irrstHandle
001397c4 00000007 b gspEventCbOneShot
001397cc 0000001c b gspEventCbData
001397e8 0000001c b gspEventCb
00139804 00000038 b gspEvents
0013983c 00000004 b gspLastEvent
00139840 00000001 b gspRunEvents
00139844 00000004 b gspEventThread
00139848 00000004 b gspEvent
0013984c 00000001 b gspGpuRight
0013984d 00000001 b gspThreadId
00139850 00000004 b gspSharedMem
00139854 00000004 b gspSharedMemHandle
00139858 00000004 b gspRefCount
0013985c 00000004 b gspGpuHandle
00139860 00000001 b flagValue.0
00139861 00000001 b flagInit.1
00139864 00000004 b serviceName.6
00139868 00000001 b aptChainloadMediatype
00139870 00000008 b aptChainloadTid
00139878 00000001 b aptChainloadFlags
0013987c 00001000 b aptParameters
0013a87c 00000004 b aptFlags
0013a880 00000001 b aptHomeButtonState
0013a884 00000004 b aptMessageFuncData
0013a888 00000004 b aptMessageFunc
0013a88c 0000000c b aptFirstHook
0013a898 00000001 b aptEventHandlerThreadQuit
0013a89c 00000004 b aptEventHandlerThread
0013a8a0 00000008 b aptSleepEvent
0013a8a8 00000008 b aptReceiveEvent
0013a8b0 00000008 b aptEvents
0013a8b8 00000004 b aptLockHandle
0013a8bc 00000004 b aptRefCount
0013a8c0 00000001 b usingIrrst
0013a8c4 00000004 b hidRefCount
0013a8c8 00000006 b gRate
0013a8d0 00000006 b aVec
0013a8d8 00000004 b cPos
0013a8dc 00000004 b tPos
0013a8e0 00000004 b kRepeat
0013a8e4 00000004 b kUp
0013a8e8 00000004 b kDown
0013a8ec 00000004 b kHeld
0013a8f0 00000004 b kOld
0013a8f4 00000004 B hidSharedMem
0013a8f8 00000014 B hidEvents
0013a90c 00000004 B hidMemHandle
0013a910 00000004 B hidHandle
0013a914 00000004 b ptmSysmRefCount
0013a918 00000004 b ptmSysmHandle
0013a920 00000080 b fsExemptArchives
0013a9a0 00000004 b fsuRefCount
0013a9a4 00000004 b fsuHandle
0013a9a8 00000004 V __ctru_linear_heap_size
0013a9ac 00000004 V __ctru_heap_size
0013a9b0 00000004 B __ctru_linear_heap
0013a9b4 00000004 B __ctru_heap
0013a9b8 00000004 B __system_retAddr
0013a9bc 00000004 B __system_argv
0013a9c0 00000004 B __system_argc
0013a9c4 b saved_stack
0013a9cc 00000004 b arbiter
0013a9d0 00000004 B __3dslink_host
0013a9d4 00000004 b srvRefCount
0013a9d8 00000004 b srvHandle
0013a9dc 00000004 b currentAddr
0013a9e0 00000004 b maxAddr
0013a9e4 00000004 b minAddr
0013a9e8 00000004 b srvPmHandle
0013a9f0 00000540 b archive_devices
0013af30 00000004 b archive_device_cwd
0013af34 00000001 b archive_initialized
0013af38 00000010 V std::string::_Rep::_S_empty_rep_storage
0013af48 00000004 V guard variable for std::__cxx11::collate<char>::id
0013af4c 00000004 V guard variable for std::__cxx11::messages<char>::id
0013af50 00000004 V guard variable for std::__cxx11::time_get<char, std::istreambuf_iterator<char, std::char_traits<char> > >::id
0013af54 00000004 V guard variable for std::__cxx11::numpunct<char>::id
0013af58 00000004 V guard variable for std::__cxx11::moneypunct<char, true>::id
0013af5c 00000004 V guard variable for std::__cxx11::moneypunct<char, false>::id
0013af60 00000004 V guard variable for std::__cxx11::money_put<char, std::ostreambuf_iterator<char, std::char_traits<char> > >::id
0013af64 00000004 V guard variable for std::__cxx11::money_get<char, std::istreambuf_iterator<char, std::char_traits<char> > >::id
0013af68 00000004 V guard variable for std::__cxx11::collate<wchar_t>::id
0013af6c 00000004 V guard variable for std::__cxx11::messages<wchar_t>::id
0013af70 00000004 V guard variable for std::__cxx11::time_get<wchar_t, std::istreambuf_iterator<wchar_t, std::char_traits<wchar_t> > >::id
0013af74 00000004 V guard variable for std::__cxx11::numpunct<wchar_t>::id
0013af78 00000004 V guard variable for std::__cxx11::moneypunct<wchar_t, true>::id
0013af7c 00000004 V guard variable for std::__cxx11::moneypunct<wchar_t, false>::id
0013af80 00000004 V guard variable for std::__cxx11::money_put<wchar_t, std::ostreambuf_iterator<wchar_t, std::char_traits<wchar_t> > >::id
0013af84 00000004 V guard variable for std::__cxx11::money_get<wchar_t, std::istreambuf_iterator<wchar_t, std::char_traits<wchar_t> > >::id
0013af88 00000004 V guard variable for std::collate<char>::id
0013af8c 00000004 V guard variable for std::messages<char>::id
0013af90 00000004 V guard variable for std::time_get<char, std::istreambuf_iterator<char, std::char_traits<char> > >::id
0013af94 00000004 V guard variable for std::time_put<char, std::ostreambuf_iterator<char, std::char_traits<char> > >::id
0013af98 00000004 V guard variable for std::__timepunct<char>::id
0013af9c 00000004 V guard variable for std::numpunct<char>::id
0013afa0 00000004 V guard variable for std::moneypunct<char, true>::id
0013afa4 00000004 V guard variable for std::moneypunct<char, false>::id
0013afa8 00000004 V guard variable for std::money_put<char, std::ostreambuf_iterator<char, std::char_traits<char> > >::id
0013afac 00000004 V guard variable for std::money_get<char, std::istreambuf_iterator<char, std::char_traits<char> > >::id
0013afb0 00000004 V guard variable for std::num_put<char, std::ostreambuf_iterator<char, std::char_traits<char> > >::id
0013afb4 00000004 V guard variable for std::num_get<char, std::istreambuf_iterator<char, std::char_traits<char> > >::id
0013afb8 00000004 V guard variable for std::collate<wchar_t>::id
0013afbc 00000004 V guard variable for std::messages<wchar_t>::id
0013afc0 00000004 V guard variable for std::time_get<wchar_t, std::istreambuf_iterator<wchar_t, std::char_traits<wchar_t> > >::id
0013afc4 00000004 V guard variable for std::time_put<wchar_t, std::ostreambuf_iterator<wchar_t, std::char_traits<wchar_t> > >::id
0013afc8 00000004 V guard variable for std::__timepunct<wchar_t>::id
0013afcc 00000004 V guard variable for std::numpunct<wchar_t>::id
0013afd0 00000004 V guard variable for std::moneypunct<wchar_t, true>::id
0013afd4 00000004 V guard variable for std::moneypunct<wchar_t, false>::id
0013afd8 00000004 V guard variable for std::money_put<wchar_t, std::ostreambuf_iterator<wchar_t, std::char_traits<wchar_t> > >::id
0013afdc 00000004 V guard variable for std::money_get<wchar_t, std::istreambuf_iterator<wchar_t, std::char_traits<wchar_t> > >::id
0013afe0 00000004 V guard variable for std::num_put<wchar_t, std::ostreambuf_iterator<wchar_t, std::char_traits<wchar_t> > >::id
0013afe4 00000004 V guard variable for std::num_get<wchar_t, std::istreambuf_iterator<wchar_t, std::char_traits<wchar_t> > >::id
0013afe8 00000010 b (anonymous namespace)::emergency_pool
0013aff8 0000000c b (anonymous namespace)::eh_globals
0013b004 00000004 b (anonymous namespace)::__new_handler
0013b008 0000000c b __sinit_recursive_mutex
0013b014 0000000c b __sfp_recursive_mutex
0013b020 00000028 B __malloc_current_mallinfo
0013b048 00000004 B __malloc_max_total_mem
0013b04c 00000004 B __malloc_max_sbrked_mem
0013b050 00000004 B __malloc_top_pad
0013b054 0000000c b __malloc_recursive_mutex
0013b060 0000000c B __atexit_recursive_mutex
0013b06c 00000004 b heap_start.0
0013b070 00000004 B fake_heap_start
0013b074 00000004 B fake_heap_end
0013b078 00000400 b temp_cwd
0013b478 00000004 b __hndl_lock
0013b47c B __tls_start
0013c084 B __bss_end__
0013c084 A __end__
0013c084 B __tls_end
